<?xml version="1.0" encoding="UTF-8"?>
<coverage generated="1775066967463" clover="3.2.0">
  <project timestamp="1775066967463" name="All files">
    <metrics statements="37" coveredstatements="37" conditionals="14" coveredconditionals="13" methods="7" coveredmethods="7" elements="58" coveredelements="57" complexity="0" loc="37" ncloc="37" packages="1" files="1" classes="1"/>
    <file name="prizeDao.js" path="C:\Users\z4rai\OneDrive - Loyola University Maryland\CS456\Go-Hounds\server\model\prizeDao.js">
      <metrics statements="37" coveredstatements="37" conditionals="14" coveredconditionals="13" methods="7" coveredmethods="7"/>
      <line num="1" count="1" type="stmt"/>
      <line num="3" count="1" type="stmt"/>
      <line num="4" count="9" type="stmt"/>
      <line num="8" count="8" type="stmt"/>
      <line num="9" count="58" type="cond" truecount="2" falsecount="0"/>
      <line num="10" count="4" type="stmt"/>
      <line num="13" count="4" type="stmt"/>
      <line num="16" count="1" type="stmt"/>
      <line num="17" count="2" type="stmt"/>
      <line num="20" count="1" type="stmt"/>
      <line num="21" count="3" type="stmt"/>
      <line num="22" count="3" type="cond" truecount="2" falsecount="0"/>
      <line num="23" count="1" type="stmt"/>
      <line num="25" count="2" type="stmt"/>
      <line num="28" count="1" type="stmt"/>
      <line num="29" count="2" type="stmt"/>
      <line num="36" count="2" type="cond" truecount="2" falsecount="0"/>
      <line num="37" count="1" type="stmt"/>
      <line num="39" count="1" type="stmt"/>
      <line num="42" count="2" type="stmt"/>
      <line num="43" count="2" type="stmt"/>
      <line num="46" count="1" type="stmt"/>
      <line num="47" count="3" type="stmt"/>
      <line num="48" count="3" type="cond" truecount="2" falsecount="0"/>
      <line num="49" count="1" type="stmt"/>
      <line num="52" count="2" type="stmt"/>
      <line num="53" count="2" type="cond" truecount="1" falsecount="1"/>
      <line num="54" count="2" type="stmt"/>
      <line num="55" count="2" type="stmt"/>
      <line num="57" count="2" type="stmt"/>
      <line num="60" count="1" type="stmt"/>
      <line num="61" count="2" type="stmt"/>
      <line num="62" count="2" type="stmt"/>
      <line num="64" count="2" type="cond" truecount="2" falsecount="0"/>
      <line num="65" count="1" type="stmt"/>
      <line num="66" count="1" type="stmt"/>
      <line num="69" count="2" type="stmt"/>
    </file>
  </project>
</coverage>
