{"C:\\Users\\z4rai\\OneDrive - Loyola University Maryland\\CS456\\Go-Hounds\\server\\model\\prizeDao.js": {"path":"C:\\Users\\z4rai\\OneDrive - Loyola University Maryland\\CS456\\Go-Hounds\\server\\model\\prizeDao.js","statementMap":{"0":{"start":{"line":1,"column":19},"end":{"line":1,"column":47}},"1":{"start":{"line":3,"column":0},"end":{"line":5,"column":3}},"2":{"start":{"line":4,"column":4},"end":{"line":4,"column":24}},"3":{"start":{"line":8,"column":4},"end":{"line":12,"column":5}},"4":{"start":{"line":8,"column":17},"end":{"line":8,"column":18}},"5":{"start":{"line":9,"column":8},"end":{"line":11,"column":9}},"6":{"start":{"line":10,"column":12},"end":{"line":10,"column":21}},"7":{"start":{"line":13,"column":4},"end":{"line":13,"column":14}},"8":{"start":{"line":16,"column":0},"end":{"line":18,"column":2}},"9":{"start":{"line":17,"column":4},"end":{"line":17,"column":29}},"10":{"start":{"line":20,"column":0},"end":{"line":26,"column":2}},"11":{"start":{"line":21,"column":18},"end":{"line":21,"column":25}},"12":{"start":{"line":22,"column":4},"end":{"line":24,"column":5}},"13":{"start":{"line":23,"column":8},"end":{"line":23,"column":40}},"14":{"start":{"line":25,"column":4},"end":{"line":25,"column":16}},"15":{"start":{"line":28,"column":0},"end":{"line":44,"column":2}},"16":{"start":{"line":29,"column":21},"end":{"line":34,"column":5}},"17":{"start":{"line":36,"column":4},"end":{"line":40,"column":5}},"18":{"start":{"line":37,"column":8},"end":{"line":37,"column":25}},"19":{"start":{"line":39,"column":8},"end":{"line":39,"column":79}},"20":{"start":{"line":42,"column":4},"end":{"line":42,"column":37}},"21":{"start":{"line":43,"column":4},"end":{"line":43,"column":20}},"22":{"start":{"line":46,"column":0},"end":{"line":58,"column":2}},"23":{"start":{"line":47,"column":18},"end":{"line":47,"column":25}},"24":{"start":{"line":48,"column":4},"end":{"line":50,"column":5}},"25":{"start":{"line":49,"column":8},"end":{"line":49,"column":20}},"26":{"start":{"line":52,"column":4},"end":{"line":52,"column":51}},"27":{"start":{"line":53,"column":4},"end":{"line":53,"column":71}},"28":{"start":{"line":54,"column":4},"end":{"line":54,"column":59}},"29":{"start":{"line":55,"column":4},"end":{"line":55,"column":63}},"30":{"start":{"line":57,"column":4},"end":{"line":57,"column":36}},"31":{"start":{"line":60,"column":0},"end":{"line":70,"column":2}},"32":{"start":{"line":61,"column":18},"end":{"line":61,"column":25}},"33":{"start":{"line":62,"column":16},"end":{"line":62,"column":20}},"34":{"start":{"line":64,"column":4},"end":{"line":67,"column":5}},"35":{"start":{"line":65,"column":8},"end":{"line":65,"column":41}},"36":{"start":{"line":66,"column":8},"end":{"line":66,"column":43}},"37":{"start":{"line":69,"column":4},"end":{"line":69,"column":17}}},"fnMap":{"0":{"name":"(anonymous_0)","decl":{"start":{"line":3,"column":35},"end":{"line":3,"column":36}},"loc":{"start":{"line":3,"column":51},"end":{"line":5,"column":1}},"line":3},"1":{"name":"pos","decl":{"start":{"line":7,"column":9},"end":{"line":7,"column":12}},"loc":{"start":{"line":7,"column":17},"end":{"line":14,"column":1}},"line":7},"2":{"name":"(anonymous_2)","decl":{"start":{"line":16,"column":23},"end":{"line":16,"column":24}},"loc":{"start":{"line":16,"column":34},"end":{"line":18,"column":1}},"line":16},"3":{"name":"(anonymous_3)","decl":{"start":{"line":20,"column":20},"end":{"line":20,"column":21}},"loc":{"start":{"line":20,"column":33},"end":{"line":26,"column":1}},"line":20},"4":{"name":"(anonymous_4)","decl":{"start":{"line":28,"column":22},"end":{"line":28,"column":23}},"loc":{"start":{"line":28,"column":42},"end":{"line":44,"column":1}},"line":28},"5":{"name":"(anonymous_5)","decl":{"start":{"line":46,"column":22},"end":{"line":46,"column":23}},"loc":{"start":{"line":46,"column":46},"end":{"line":58,"column":1}},"line":46},"6":{"name":"(anonymous_6)","decl":{"start":{"line":60,"column":22},"end":{"line":60,"column":23}},"loc":{"start":{"line":60,"column":35},"end":{"line":70,"column":1}},"line":60}},"branchMap":{"0":{"loc":{"start":{"line":9,"column":8},"end":{"line":11,"column":9}},"type":"if","locations":[{"start":{"line":9,"column":8},"end":{"line":11,"column":9}},{"start":{},"end":{}}],"line":9},"1":{"loc":{"start":{"line":22,"column":4},"end":{"line":24,"column":5}},"type":"if","locations":[{"start":{"line":22,"column":4},"end":{"line":24,"column":5}},{"start":{},"end":{}}],"line":22},"2":{"loc":{"start":{"line":31,"column":21},"end":{"line":31,"column":48}},"type":"binary-expr","locations":[{"start":{"line":31,"column":21},"end":{"line":31,"column":42}},{"start":{"line":31,"column":46},"end":{"line":31,"column":48}}],"line":31},"3":{"loc":{"start":{"line":36,"column":4},"end":{"line":40,"column":5}},"type":"if","locations":[{"start":{"line":36,"column":4},"end":{"line":40,"column":5}},{"start":{"line":38,"column":11},"end":{"line":40,"column":5}}],"line":36},"4":{"loc":{"start":{"line":48,"column":4},"end":{"line":50,"column":5}},"type":"if","locations":[{"start":{"line":48,"column":4},"end":{"line":50,"column":5}},{"start":{},"end":{}}],"line":48},"5":{"loc":{"start":{"line":53,"column":43},"end":{"line":53,"column":70}},"type":"binary-expr","locations":[{"start":{"line":53,"column":43},"end":{"line":53,"column":64}},{"start":{"line":53,"column":68},"end":{"line":53,"column":70}}],"line":53},"6":{"loc":{"start":{"line":64,"column":4},"end":{"line":67,"column":5}},"type":"if","locations":[{"start":{"line":64,"column":4},"end":{"line":67,"column":5}},{"start":{},"end":{}}],"line":64}},"s":{"0":1,"1":1,"2":9,"3":8,"4":8,"5":58,"6":4,"7":4,"8":1,"9":2,"10":1,"11":3,"12":3,"13":1,"14":2,"15":1,"16":2,"17":2,"18":1,"19":1,"20":2,"21":2,"22":1,"23":3,"24":3,"25":1,"26":2,"27":2,"28":2,"29":2,"30":2,"31":1,"32":2,"33":2,"34":2,"35":1,"36":1,"37":2},"f":{"0":9,"1":8,"2":2,"3":3,"4":2,"5":3,"6":2},"b":{"0":[4,54],"1":[1,2],"2":[2,2],"3":[1,1],"4":[1,2],"5":[2,0],"6":[1,1]},"_coverageSchema":"1a1c01bbd47fc00a2c39e90264f33305004495a9","hash":"99e3134c0d9e177ce85f7206eb1a08ca9ecbad34"}
}
