TN:
SF:server\model\prizeDao.js
FN:6,readPrizes
FN:11,writePrizes
FN:15,pos
FN:21,(anonymous_3)
FN:25,(anonymous_4)
FN:36,(anonymous_5)
FN:43,(anonymous_6)
FN:52,(anonymous_7)
FNF:8
FNH:7
FNDA:6,readPrizes
FNDA:4,writePrizes
FNDA:4,pos
FNDA:1,(anonymous_3)
FNDA:1,(anonymous_4)
FNDA:0,(anonymous_5)
FNDA:2,(anonymous_6)
FNDA:2,(anonymous_7)
DA:1,1
DA:2,1
DA:4,1
DA:7,6
DA:8,6
DA:12,4
DA:16,4
DA:17,5
DA:18,2
DA:21,1
DA:22,1
DA:25,1
DA:26,1
DA:28,1
DA:29,1
DA:31,1
DA:32,1
DA:33,1
DA:36,1
DA:37,0
DA:38,0
DA:39,0
DA:40,0
DA:43,1
DA:44,2
DA:45,2
DA:46,2
DA:47,2
DA:48,2
DA:49,2
DA:52,1
DA:53,2
DA:54,2
DA:55,2
DA:56,1
DA:57,1
DA:58,1
DA:59,1
DA:60,1
LF:39
LH:35
BRDA:17,0,0,2
BRDA:17,0,1,3
BRDA:28,1,0,0
BRDA:28,1,1,1
BRDA:39,2,0,0
BRDA:39,2,1,0
BRDA:47,3,0,1
BRDA:47,3,1,1
BRDA:55,4,0,1
BRDA:55,4,1,1
BRF:10
BRH:7
end_of_record
