TN:
SF:server\model\prizeDao.js
FN:3,(anonymous_0)
FN:7,pos
FN:16,(anonymous_2)
FN:20,(anonymous_3)
FN:28,(anonymous_4)
FN:46,(anonymous_5)
FN:60,(anonymous_6)
FNF:7
FNH:7
FNDA:9,(anonymous_0)
FNDA:8,pos
FNDA:2,(anonymous_2)
FNDA:3,(anonymous_3)
FNDA:2,(anonymous_4)
FNDA:3,(anonymous_5)
FNDA:2,(anonymous_6)
DA:1,1
DA:3,1
DA:4,9
DA:8,8
DA:9,58
DA:10,4
DA:13,4
DA:16,1
DA:17,2
DA:20,1
DA:21,3
DA:22,3
DA:23,1
DA:25,2
DA:28,1
DA:29,2
DA:36,2
DA:37,1
DA:39,1
DA:42,2
DA:43,2
DA:46,1
DA:47,3
DA:48,3
DA:49,1
DA:52,2
DA:53,2
DA:54,2
DA:55,2
DA:57,2
DA:60,1
DA:61,2
DA:62,2
DA:64,2
DA:65,1
DA:66,1
DA:69,2
LF:37
LH:37
BRDA:9,0,0,4
BRDA:9,0,1,54
BRDA:22,1,0,1
BRDA:22,1,1,2
BRDA:31,2,0,2
BRDA:31,2,1,2
BRDA:36,3,0,1
BRDA:36,3,1,1
BRDA:48,4,0,1
BRDA:48,4,1,2
BRDA:53,5,0,2
BRDA:53,5,1,0
BRDA:64,6,0,1
BRDA:64,6,1,1
BRF:14
BRH:13
end_of_record
